<?xml version="1.0" encoding="UTF-8"?>
<!-- Generated by org.testng.reporters.JUnitXMLReporter -->
<testsuite hostname="DESKTOP-K092JRV" ignored="1" name="E-Commerce Test" tests="6" failures="0" timestamp="22 Jul 2021 18:34:03 GMT" time="12.966" errors="0">
  <testcase name="@BeforeMethod setup" time="6.204" classname="com.ecomm.tests.LoginPageTest">
    <failure type="org.openqa.selenium.WebDriverException" message="unknown error: cannot find Chrome binary
Build info: version: &amp;apos;3.141.59&amp;apos;, revision: &amp;apos;e82be7d358&amp;apos;, time: &amp;apos;2018-11-14T08:17:03&amp;apos;
System info: host: &amp;apos;DESKTOP-K092JRV&amp;apos;, ip: &amp;apos;192.168.56.1&amp;apos;, os.name: &amp;apos;Windows 10&amp;apos;, os.arch: &amp;apos;amd64&amp;apos;, os.version: &amp;apos;10.0&amp;apos;, java.version: &amp;apos;1.8.0_111&amp;apos;
Driver info: driver.version: ChromeDriver
remote stacktrace: Backtrace:
	Ordinal0 [0x0114C013+2474003]
	Ordinal0 [0x010E29C1+2042305]
	Ordinal0 [0x00FF2F68+1060712]
	Ordinal0 [0x0100C626+1164838]
	Ordinal0 [0x0100AA83+1157763]
	Ordinal0 [0x0103A2A2+1352354]
	Ordinal0 [0x01038FAA+1347498]
	Ordinal0 [0x010366DB+1337051]
	Ordinal0 [0x01013427+1192999]
	Ordinal0 [0x010142EE+1196782]
	Ordinal0 [0x01014279+1196665]
	GetHandleVerifier [0x012D96FC+1590332]
	GetHandleVerifier [0x01388614+2306900]
	GetHandleVerifier [0x011D9E93+543699]
	GetHandleVerifier [0x011D92CE+540686]
	Ordinal0 [0x010E86BA+2066106]
	Ordinal0 [0x010ED1C8+2085320]
	Ordinal0 [0x010ED308+2085640]
	Ordinal0 [0x010F67F3+2123763]
	BaseThreadInitThunk [0x75AAFA29+25]
	RtlGetAppContainerNamedObjectPath [0x77007A9E+286]
	RtlGetAppContainerNamedObjectPath [0x77007A6E+238]
">
      <![CDATA[org.openqa.selenium.WebDriverException: unknown error: cannot find Chrome binary
Build info: version: '3.141.59', revision: 'e82be7d358', time: '2018-11-14T08:17:03'
System info: host: 'DESKTOP-K092JRV', ip: '192.168.56.1', os.name: 'Windows 10', os.arch: 'amd64', os.version: '10.0', java.version: '1.8.0_111'
Driver info: driver.version: ChromeDriver
remote stacktrace: Backtrace:
Ordinal0 [0x0114C013+2474003]
Ordinal0 [0x010E29C1+2042305]
Ordinal0 [0x00FF2F68+1060712]
Ordinal0 [0x0100C626+1164838]
Ordinal0 [0x0100AA83+1157763]
Ordinal0 [0x0103A2A2+1352354]
Ordinal0 [0x01038FAA+1347498]
Ordinal0 [0x010366DB+1337051]
Ordinal0 [0x01013427+1192999]
Ordinal0 [0x010142EE+1196782]
Ordinal0 [0x01014279+1196665]
GetHandleVerifier [0x012D96FC+1590332]
GetHandleVerifier [0x01388614+2306900]
GetHandleVerifier [0x011D9E93+543699]
GetHandleVerifier [0x011D92CE+540686]
Ordinal0 [0x010E86BA+2066106]
Ordinal0 [0x010ED1C8+2085320]
Ordinal0 [0x010ED308+2085640]
Ordinal0 [0x010F67F3+2123763]
BaseThreadInitThunk [0x75AAFA29+25]
RtlGetAppContainerNamedObjectPath [0x77007A9E+286]
RtlGetAppContainerNamedObjectPath [0x77007A6E+238]

at org.openqa.selenium.remote.W3CHandshakeResponse.lambda$errorHandler$0(W3CHandshakeResponse.java:62)
at org.openqa.selenium.remote.HandshakeResponse.lambda$getResponseFunction$0(HandshakeResponse.java:30)
at org.openqa.selenium.remote.ProtocolHandshake.lambda$createSession$0(ProtocolHandshake.java:126)
at java.util.stream.ReferencePipeline$3$1.accept(ReferencePipeline.java:193)
at java.util.Spliterators$ArraySpliterator.tryAdvance(Spliterators.java:958)
at java.util.stream.ReferencePipeline.forEachWithCancel(ReferencePipeline.java:126)
at java.util.stream.AbstractPipeline.copyIntoWithCancel(AbstractPipeline.java:498)
at java.util.stream.AbstractPipeline.copyInto(AbstractPipeline.java:485)
at java.util.stream.AbstractPipeline.wrapAndCopyInto(AbstractPipeline.java:471)
at java.util.stream.FindOps$FindOp.evaluateSequential(FindOps.java:152)
at java.util.stream.AbstractPipeline.evaluate(AbstractPipeline.java:234)
at java.util.stream.ReferencePipeline.findFirst(ReferencePipeline.java:464)
at org.openqa.selenium.remote.ProtocolHandshake.createSession(ProtocolHandshake.java:128)
at org.openqa.selenium.remote.ProtocolHandshake.createSession(ProtocolHandshake.java:74)
at org.openqa.selenium.remote.HttpCommandExecutor.execute(HttpCommandExecutor.java:136)
at org.openqa.selenium.remote.service.DriverCommandExecutor.execute(DriverCommandExecutor.java:83)
at org.openqa.selenium.remote.RemoteWebDriver.execute(RemoteWebDriver.java:552)
at org.openqa.selenium.remote.RemoteWebDriver.startSession(RemoteWebDriver.java:213)
at org.openqa.selenium.remote.RemoteWebDriver.<init>(RemoteWebDriver.java:131)
at org.openqa.selenium.chrome.ChromeDriver.<init>(ChromeDriver.java:181)
at org.openqa.selenium.chrome.ChromeDriver.<init>(ChromeDriver.java:168)
at org.openqa.selenium.chrome.ChromeDriver.<init>(ChromeDriver.java:123)
at com.ecomm.tests.BaseClass.initialise(BaseClass.java:24)
at com.ecomm.tests.LoginPageTest.setup(LoginPageTest.java:18)
... Removed 36 stack frames]]>
    </failure>
  </testcase> <!-- @BeforeMethod setup -->
  <testcase name="@AfterMethod teardown" time="0.0" classname="com.ecomm.tests.LoginPageTest">
    <skipped/>
  </testcase> <!-- @AfterMethod teardown -->
  <testcase name="@BeforeMethod setup" time="0.633" classname="com.ecomm.tests.HomePageTests">
    <failure type="org.openqa.selenium.WebDriverException" message="unknown error: cannot find Chrome binary
Build info: version: &amp;apos;3.141.59&amp;apos;, revision: &amp;apos;e82be7d358&amp;apos;, time: &amp;apos;2018-11-14T08:17:03&amp;apos;
System info: host: &amp;apos;DESKTOP-K092JRV&amp;apos;, ip: &amp;apos;192.168.56.1&amp;apos;, os.name: &amp;apos;Windows 10&amp;apos;, os.arch: &amp;apos;amd64&amp;apos;, os.version: &amp;apos;10.0&amp;apos;, java.version: &amp;apos;1.8.0_111&amp;apos;
Driver info: driver.version: ChromeDriver
remote stacktrace: Backtrace:
	Ordinal0 [0x0114C013+2474003]
	Ordinal0 [0x010E29C1+2042305]
	Ordinal0 [0x00FF2F68+1060712]
	Ordinal0 [0x0100C626+1164838]
	Ordinal0 [0x0100AA83+1157763]
	Ordinal0 [0x0103A2A2+1352354]
	Ordinal0 [0x01038FAA+1347498]
	Ordinal0 [0x010366DB+1337051]
	Ordinal0 [0x01013427+1192999]
	Ordinal0 [0x010142EE+1196782]
	Ordinal0 [0x01014279+1196665]
	GetHandleVerifier [0x012D96FC+1590332]
	GetHandleVerifier [0x01388614+2306900]
	GetHandleVerifier [0x011D9E93+543699]
	GetHandleVerifier [0x011D92CE+540686]
	Ordinal0 [0x010E86BA+2066106]
	Ordinal0 [0x010ED1C8+2085320]
	Ordinal0 [0x010ED308+2085640]
	Ordinal0 [0x010F67F3+2123763]
	BaseThreadInitThunk [0x75AAFA29+25]
	RtlGetAppContainerNamedObjectPath [0x77007A9E+286]
	RtlGetAppContainerNamedObjectPath [0x77007A6E+238]
">
      <![CDATA[org.openqa.selenium.WebDriverException: unknown error: cannot find Chrome binary
Build info: version: '3.141.59', revision: 'e82be7d358', time: '2018-11-14T08:17:03'
System info: host: 'DESKTOP-K092JRV', ip: '192.168.56.1', os.name: 'Windows 10', os.arch: 'amd64', os.version: '10.0', java.version: '1.8.0_111'
Driver info: driver.version: ChromeDriver
remote stacktrace: Backtrace:
Ordinal0 [0x0114C013+2474003]
Ordinal0 [0x010E29C1+2042305]
Ordinal0 [0x00FF2F68+1060712]
Ordinal0 [0x0100C626+1164838]
Ordinal0 [0x0100AA83+1157763]
Ordinal0 [0x0103A2A2+1352354]
Ordinal0 [0x01038FAA+1347498]
Ordinal0 [0x010366DB+1337051]
Ordinal0 [0x01013427+1192999]
Ordinal0 [0x010142EE+1196782]
Ordinal0 [0x01014279+1196665]
GetHandleVerifier [0x012D96FC+1590332]
GetHandleVerifier [0x01388614+2306900]
GetHandleVerifier [0x011D9E93+543699]
GetHandleVerifier [0x011D92CE+540686]
Ordinal0 [0x010E86BA+2066106]
Ordinal0 [0x010ED1C8+2085320]
Ordinal0 [0x010ED308+2085640]
Ordinal0 [0x010F67F3+2123763]
BaseThreadInitThunk [0x75AAFA29+25]
RtlGetAppContainerNamedObjectPath [0x77007A9E+286]
RtlGetAppContainerNamedObjectPath [0x77007A6E+238]

at org.openqa.selenium.remote.W3CHandshakeResponse.lambda$errorHandler$0(W3CHandshakeResponse.java:62)
at org.openqa.selenium.remote.HandshakeResponse.lambda$getResponseFunction$0(HandshakeResponse.java:30)
at org.openqa.selenium.remote.ProtocolHandshake.lambda$createSession$0(ProtocolHandshake.java:126)
at java.util.stream.ReferencePipeline$3$1.accept(ReferencePipeline.java:193)
at java.util.Spliterators$ArraySpliterator.tryAdvance(Spliterators.java:958)
at java.util.stream.ReferencePipeline.forEachWithCancel(ReferencePipeline.java:126)
at java.util.stream.AbstractPipeline.copyIntoWithCancel(AbstractPipeline.java:498)
at java.util.stream.AbstractPipeline.copyInto(AbstractPipeline.java:485)
at java.util.stream.AbstractPipeline.wrapAndCopyInto(AbstractPipeline.java:471)
at java.util.stream.FindOps$FindOp.evaluateSequential(FindOps.java:152)
at java.util.stream.AbstractPipeline.evaluate(AbstractPipeline.java:234)
at java.util.stream.ReferencePipeline.findFirst(ReferencePipeline.java:464)
at org.openqa.selenium.remote.ProtocolHandshake.createSession(ProtocolHandshake.java:128)
at org.openqa.selenium.remote.ProtocolHandshake.createSession(ProtocolHandshake.java:74)
at org.openqa.selenium.remote.HttpCommandExecutor.execute(HttpCommandExecutor.java:136)
at org.openqa.selenium.remote.service.DriverCommandExecutor.execute(DriverCommandExecutor.java:83)
at org.openqa.selenium.remote.RemoteWebDriver.execute(RemoteWebDriver.java:552)
at org.openqa.selenium.remote.RemoteWebDriver.startSession(RemoteWebDriver.java:213)
at org.openqa.selenium.remote.RemoteWebDriver.<init>(RemoteWebDriver.java:131)
at org.openqa.selenium.chrome.ChromeDriver.<init>(ChromeDriver.java:181)
at org.openqa.selenium.chrome.ChromeDriver.<init>(ChromeDriver.java:168)
at org.openqa.selenium.chrome.ChromeDriver.<init>(ChromeDriver.java:123)
at com.ecomm.tests.BaseClass.initialise(BaseClass.java:24)
at com.ecomm.tests.HomePageTests.setup(HomePageTests.java:21)
... Removed 36 stack frames]]>
    </failure>
  </testcase> <!-- @BeforeMethod setup -->
  <testcase name="@AfterMethod teardown" time="0.0" classname="com.ecomm.tests.HomePageTests">
    <skipped/>
  </testcase> <!-- @AfterMethod teardown -->
  <testcase name="@BeforeMethod setup" time="0.549" classname="com.ecomm.tests.MyAddressPageTest">
    <failure type="org.openqa.selenium.WebDriverException" message="unknown error: cannot find Chrome binary
Build info: version: &amp;apos;3.141.59&amp;apos;, revision: &amp;apos;e82be7d358&amp;apos;, time: &amp;apos;2018-11-14T08:17:03&amp;apos;
System info: host: &amp;apos;DESKTOP-K092JRV&amp;apos;, ip: &amp;apos;192.168.56.1&amp;apos;, os.name: &amp;apos;Windows 10&amp;apos;, os.arch: &amp;apos;amd64&amp;apos;, os.version: &amp;apos;10.0&amp;apos;, java.version: &amp;apos;1.8.0_111&amp;apos;
Driver info: driver.version: ChromeDriver
remote stacktrace: Backtrace:
	Ordinal0 [0x0114C013+2474003]
	Ordinal0 [0x010E29C1+2042305]
	Ordinal0 [0x00FF2F68+1060712]
	Ordinal0 [0x0100C626+1164838]
	Ordinal0 [0x0100AA83+1157763]
	Ordinal0 [0x0103A2A2+1352354]
	Ordinal0 [0x01038FAA+1347498]
	Ordinal0 [0x010366DB+1337051]
	Ordinal0 [0x01013427+1192999]
	Ordinal0 [0x010142EE+1196782]
	Ordinal0 [0x01014279+1196665]
	GetHandleVerifier [0x012D96FC+1590332]
	GetHandleVerifier [0x01388614+2306900]
	GetHandleVerifier [0x011D9E93+543699]
	GetHandleVerifier [0x011D92CE+540686]
	Ordinal0 [0x010E86BA+2066106]
	Ordinal0 [0x010ED1C8+2085320]
	Ordinal0 [0x010ED308+2085640]
	Ordinal0 [0x010F67F3+2123763]
	BaseThreadInitThunk [0x75AAFA29+25]
	RtlGetAppContainerNamedObjectPath [0x77007A9E+286]
	RtlGetAppContainerNamedObjectPath [0x77007A6E+238]
">
      <![CDATA[org.openqa.selenium.WebDriverException: unknown error: cannot find Chrome binary
Build info: version: '3.141.59', revision: 'e82be7d358', time: '2018-11-14T08:17:03'
System info: host: 'DESKTOP-K092JRV', ip: '192.168.56.1', os.name: 'Windows 10', os.arch: 'amd64', os.version: '10.0', java.version: '1.8.0_111'
Driver info: driver.version: ChromeDriver
remote stacktrace: Backtrace:
Ordinal0 [0x0114C013+2474003]
Ordinal0 [0x010E29C1+2042305]
Ordinal0 [0x00FF2F68+1060712]
Ordinal0 [0x0100C626+1164838]
Ordinal0 [0x0100AA83+1157763]
Ordinal0 [0x0103A2A2+1352354]
Ordinal0 [0x01038FAA+1347498]
Ordinal0 [0x010366DB+1337051]
Ordinal0 [0x01013427+1192999]
Ordinal0 [0x010142EE+1196782]
Ordinal0 [0x01014279+1196665]
GetHandleVerifier [0x012D96FC+1590332]
GetHandleVerifier [0x01388614+2306900]
GetHandleVerifier [0x011D9E93+543699]
GetHandleVerifier [0x011D92CE+540686]
Ordinal0 [0x010E86BA+2066106]
Ordinal0 [0x010ED1C8+2085320]
Ordinal0 [0x010ED308+2085640]
Ordinal0 [0x010F67F3+2123763]
BaseThreadInitThunk [0x75AAFA29+25]
RtlGetAppContainerNamedObjectPath [0x77007A9E+286]
RtlGetAppContainerNamedObjectPath [0x77007A6E+238]

at org.openqa.selenium.remote.W3CHandshakeResponse.lambda$errorHandler$0(W3CHandshakeResponse.java:62)
at org.openqa.selenium.remote.HandshakeResponse.lambda$getResponseFunction$0(HandshakeResponse.java:30)
at org.openqa.selenium.remote.ProtocolHandshake.lambda$createSession$0(ProtocolHandshake.java:126)
at java.util.stream.ReferencePipeline$3$1.accept(ReferencePipeline.java:193)
at java.util.Spliterators$ArraySpliterator.tryAdvance(Spliterators.java:958)
at java.util.stream.ReferencePipeline.forEachWithCancel(ReferencePipeline.java:126)
at java.util.stream.AbstractPipeline.copyIntoWithCancel(AbstractPipeline.java:498)
at java.util.stream.AbstractPipeline.copyInto(AbstractPipeline.java:485)
at java.util.stream.AbstractPipeline.wrapAndCopyInto(AbstractPipeline.java:471)
at java.util.stream.FindOps$FindOp.evaluateSequential(FindOps.java:152)
at java.util.stream.AbstractPipeline.evaluate(AbstractPipeline.java:234)
at java.util.stream.ReferencePipeline.findFirst(ReferencePipeline.java:464)
at org.openqa.selenium.remote.ProtocolHandshake.createSession(ProtocolHandshake.java:128)
at org.openqa.selenium.remote.ProtocolHandshake.createSession(ProtocolHandshake.java:74)
at org.openqa.selenium.remote.HttpCommandExecutor.execute(HttpCommandExecutor.java:136)
at org.openqa.selenium.remote.service.DriverCommandExecutor.execute(DriverCommandExecutor.java:83)
at org.openqa.selenium.remote.RemoteWebDriver.execute(RemoteWebDriver.java:552)
at org.openqa.selenium.remote.RemoteWebDriver.startSession(RemoteWebDriver.java:213)
at org.openqa.selenium.remote.RemoteWebDriver.<init>(RemoteWebDriver.java:131)
at org.openqa.selenium.chrome.ChromeDriver.<init>(ChromeDriver.java:181)
at org.openqa.selenium.chrome.ChromeDriver.<init>(ChromeDriver.java:168)
at org.openqa.selenium.chrome.ChromeDriver.<init>(ChromeDriver.java:123)
at com.ecomm.tests.BaseClass.initialise(BaseClass.java:24)
at com.ecomm.tests.MyAddressPageTest.setup(MyAddressPageTest.java:38)
... Removed 36 stack frames]]>
    </failure>
  </testcase> <!-- @BeforeMethod setup -->
  <testcase name="@BeforeMethod setup" time="0.0" classname="com.ecomm.tests.MyAddressPageTest">
    <skipped/>
  </testcase> <!-- @BeforeMethod setup -->
  <testcase name="@BeforeMethod setup" time="0.0" classname="com.ecomm.tests.LoginPageTest">
    <skipped/>
  </testcase> <!-- @BeforeMethod setup -->
  <testcase name="@AfterMethod teardown" time="0.0" classname="com.ecomm.tests.LoginPageTest">
    <skipped/>
  </testcase> <!-- @AfterMethod teardown -->
  <testcase name="@BeforeMethod setup" time="0.0" classname="com.ecomm.tests.LoginPageTest">
    <skipped/>
  </testcase> <!-- @BeforeMethod setup -->
  <testcase name="@AfterMethod teardown" time="0.0" classname="com.ecomm.tests.LoginPageTest">
    <skipped/>
  </testcase> <!-- @AfterMethod teardown -->
  <testcase name="LoginTest" time="0.0" classname="com.ecomm.tests.LoginPageTest">
    <skipped/>
  </testcase> <!-- LoginTest -->
  <testcase name="HomePageTitleTest" time="0.0" classname="com.ecomm.tests.HomePageTests">
    <skipped/>
  </testcase> <!-- HomePageTitleTest -->
  <testcase name="VerifyAddNewAddress" time="0.0" classname="com.ecomm.tests.MyAddressPageTest">
    <skipped/>
  </testcase> <!-- VerifyAddNewAddress -->
  <testcase name="VerifyAddNewAddress" time="0.0" classname="com.ecomm.tests.MyAddressPageTest">
    <skipped/>
  </testcase> <!-- VerifyAddNewAddress -->
  <testcase name="InvalidLoginTest" time="0.0" classname="com.ecomm.tests.LoginPageTest">
    <skipped/>
  </testcase> <!-- InvalidLoginTest -->
  <testcase name="InvalidLoginTest" time="0.0" classname="com.ecomm.tests.LoginPageTest">
    <skipped/>
  </testcase> <!-- InvalidLoginTest -->
  <testcase name="OrderHistory" time="0.0" classname="com.ecomm.tests.HomePageTests">
    <ignored/>
  </testcase> <!-- OrderHistory -->
</testsuite> <!-- E-Commerce Test -->
